빌드 시작: 2014-05-17 오후 8:07:05
     1>2 노드의 "c:\Users\fallinlove\documents\visual studio 2010\Projects\LibEX_MainProject\LibEX_MainProject\LibEX_MainProject.vcxproj" 프로젝트(build 대상)입니다.
     1>InitializeBuildStatus:
         "Debug\LibEX_MainProject.unsuccessfulbuild"에 연결(touching)하고 있습니다.
       _MASM:
         Assembling [Inputs]...
         cmd.exe /C "C:\Users\FallinLove\AppData\Local\Temp\tmpf2d2e4b1e1b44e6ca3a5854819c1885b.cmd"
         ml.exe /c /nologo /Zi /Fo"Debug\LibEX.obj" /W3 /errorReport:prompt  /TaLibEX.asm
       ClCompile:
         C:\Program Files (x86)\Microsoft Visual Studio 10.0\VC\bin\CL.exe /c /ZI /nologo /W3 /WX- /Od /Oy- /D WIN32 /D _DEBUG /D _CONSOLE /D _UNICODE /D UNICODE /Gm /EHsc /RTC1 /MDd /GS /fp:precise /Zc:wchar_t /Zc:forScope /Fo"Debug\\" /Fd"Debug\vc100.pdb" /Gd /TP /analyze- /errorReport:prompt Main.cpp
         Main.cpp
       ManifestResourceCompile:
         C:\Program Files (x86)\Microsoft SDKs\Windows\v7.0A\bin\rc.exe /nologo /fo"Debug\LibEX_MainProject.exe.embed.manifest.res" Debug\LibEX_MainProject_manifest.rc 
       Link:
         C:\Program Files (x86)\Microsoft Visual Studio 10.0\VC\bin\link.exe /ERRORREPORT:PROMPT /OUT:"c:\users\fallinlove\documents\visual studio 2010\Projects\LibEX_MainProject\Debug\LibEX_MainProject.exe" /INCREMENTAL /NOLOGO kernel32.lib user32.lib gdi32.lib winspool.lib comdlg32.lib advapi32.lib shell32.lib ole32.lib oleaut32.lib uuid.lib odbc32.lib odbccp32.lib /MANIFEST /ManifestFile:"Debug\LibEX_MainProject.exe.intermediate.manifest" /MANIFESTUAC:"level='asInvoker' uiAccess='false'" /DEBUG /PDB:"c:\users\fallinlove\documents\visual studio 2010\Projects\LibEX_MainProject\Debug\LibEX_MainProject.pdb" /SUBSYSTEM:CONSOLE /TLBID:1 /DYNAMICBASE /NXCOMPAT /IMPLIB:"c:\users\fallinlove\documents\visual studio 2010\Projects\LibEX_MainProject\Debug\LibEX_MainProject.lib" /MACHINE:X86 Debug\LibEX_MainProject.exe.embed.manifest.res
         Debug\Main.obj
         Debug\LibEX.obj
       Manifest:
         C:\Program Files (x86)\Microsoft SDKs\Windows\v7.0A\bin\mt.exe /nologo /verbose /out:"Debug\LibEX_MainProject.exe.embed.manifest" /manifest Debug\LibEX_MainProject.exe.intermediate.manifest
         C:\Program Files (x86)\Microsoft SDKs\Windows\v7.0A\bin\rc.exe /nologo /fo"Debug\LibEX_MainProject.exe.embed.manifest.res" Debug\LibEX_MainProject_manifest.rc 
       LinkEmbedManifest:
         C:\Program Files (x86)\Microsoft Visual Studio 10.0\VC\bin\link.exe /ERRORREPORT:PROMPT /OUT:"c:\users\fallinlove\documents\visual studio 2010\Projects\LibEX_MainProject\Debug\LibEX_MainProject.exe" /INCREMENTAL /NOLOGO kernel32.lib user32.lib gdi32.lib winspool.lib comdlg32.lib advapi32.lib shell32.lib ole32.lib oleaut32.lib uuid.lib odbc32.lib odbccp32.lib /MANIFEST /ManifestFile:"Debug\LibEX_MainProject.exe.intermediate.manifest" /MANIFESTUAC:"level='asInvoker' uiAccess='false'" /DEBUG /PDB:"c:\users\fallinlove\documents\visual studio 2010\Projects\LibEX_MainProject\Debug\LibEX_MainProject.pdb" /SUBSYSTEM:CONSOLE /TLBID:1 /DYNAMICBASE /NXCOMPAT /IMPLIB:"c:\users\fallinlove\documents\visual studio 2010\Projects\LibEX_MainProject\Debug\LibEX_MainProject.lib" /MACHINE:X86 Debug\LibEX_MainProject.exe.embed.manifest.res
         Debug\Main.obj
         Debug\LibEX.obj
         LibEX_MainProject.vcxproj -> c:\users\fallinlove\documents\visual studio 2010\Projects\LibEX_MainProject\Debug\LibEX_MainProject.exe
       FinalizeBuildStatus:
         "Debug\LibEX_MainProject.unsuccessfulbuild" 파일을 삭제하고 있습니다.
         "Debug\LibEX_MainProject.lastbuildstate"에 연결(touching)하고 있습니다.
     1>"c:\Users\fallinlove\documents\visual studio 2010\Projects\LibEX_MainProject\LibEX_MainProject\LibEX_MainProject.vcxproj" 프로젝트를 빌드했습니다(build 대상).

빌드했습니다.

경과 시간: 00:00:01.50
