빌드 시작: 2014-05-21 오후 8:03:29
     1>2 노드의 "c:\Users\fallinlove\documents\visual studio 2010\Projects\user_equation\user_equation\user_equation.vcxproj" 프로젝트(build 대상)입니다.
     1>InitializeBuildStatus:
         "Debug\user_equation.unsuccessfulbuild"에 연결(touching)하고 있습니다.
       ClCompile:
         C:\Program Files (x86)\Microsoft Visual Studio 10.0\VC\bin\CL.exe /c /ZI /nologo /W3 /WX- /Od /Oy- /D WIN32 /D _DEBUG /D _CONSOLE /D _UNICODE /D UNICODE /Gm /EHsc /RTC1 /MDd /GS /fp:precise /Zc:wchar_t /Zc:forScope /Fo"Debug\\" /Fd"Debug\vc100.pdb" /Gd /TC /analyze- /errorReport:prompt user_equation.c
         user_equation.c
       ManifestResourceCompile:
         모든 출력이 최신 상태입니다.
       Link:
         C:\Program Files (x86)\Microsoft Visual Studio 10.0\VC\bin\link.exe /ERRORREPORT:PROMPT /OUT:"c:\users\fallinlove\documents\visual studio 2010\Projects\user_equation\Debug\user_equation.exe" /INCREMENTAL /NOLOGO kernel32.lib user32.lib gdi32.lib winspool.lib comdlg32.lib advapi32.lib shell32.lib ole32.lib oleaut32.lib uuid.lib odbc32.lib odbccp32.lib /MANIFEST /ManifestFile:"Debug\user_equation.exe.intermediate.manifest" /MANIFESTUAC:"level='asInvoker' uiAccess='false'" /DEBUG /PDB:"c:\users\fallinlove\documents\visual studio 2010\Projects\user_equation\Debug\user_equation.pdb" /SUBSYSTEM:CONSOLE /TLBID:1 /DYNAMICBASE /NXCOMPAT /IMPLIB:"c:\users\fallinlove\documents\visual studio 2010\Projects\user_equation\Debug\user_equation.lib" /MACHINE:X86 Debug\user_equation.exe.embed.manifest.res
         Debug\user_equation.obj
       Manifest:
         C:\Program Files (x86)\Microsoft SDKs\Windows\v7.0A\bin\mt.exe /nologo /verbose /out:"Debug\user_equation.exe.embed.manifest" /manifest Debug\user_equation.exe.intermediate.manifest
         C:\Program Files (x86)\Microsoft SDKs\Windows\v7.0A\bin\rc.exe /nologo /fo"Debug\user_equation.exe.embed.manifest.res" Debug\user_equation_manifest.rc 
       LinkEmbedManifest:
         C:\Program Files (x86)\Microsoft Visual Studio 10.0\VC\bin\link.exe /ERRORREPORT:PROMPT /OUT:"c:\users\fallinlove\documents\visual studio 2010\Projects\user_equation\Debug\user_equation.exe" /INCREMENTAL /NOLOGO kernel32.lib user32.lib gdi32.lib winspool.lib comdlg32.lib advapi32.lib shell32.lib ole32.lib oleaut32.lib uuid.lib odbc32.lib odbccp32.lib /MANIFEST /ManifestFile:"Debug\user_equation.exe.intermediate.manifest" /MANIFESTUAC:"level='asInvoker' uiAccess='false'" /DEBUG /PDB:"c:\users\fallinlove\documents\visual studio 2010\Projects\user_equation\Debug\user_equation.pdb" /SUBSYSTEM:CONSOLE /TLBID:1 /DYNAMICBASE /NXCOMPAT /IMPLIB:"c:\users\fallinlove\documents\visual studio 2010\Projects\user_equation\Debug\user_equation.lib" /MACHINE:X86 Debug\user_equation.exe.embed.manifest.res
         Debug\user_equation.obj
         user_equation.vcxproj -> c:\users\fallinlove\documents\visual studio 2010\Projects\user_equation\Debug\user_equation.exe
       FinalizeBuildStatus:
         "Debug\user_equation.unsuccessfulbuild" 파일을 삭제하고 있습니다.
         "Debug\user_equation.lastbuildstate"에 연결(touching)하고 있습니다.
     1>"c:\Users\fallinlove\documents\visual studio 2010\Projects\user_equation\user_equation\user_equation.vcxproj" 프로젝트를 빌드했습니다(build 대상).

빌드했습니다.

경과 시간: 00:00:00.70
